Log file open, 09/14/17 12:50:38
LogInit:Display: Running engine for game: porkposh3d
LogPlatformFile: Not using cached read wrapper
LogInit:Display: RandInit(-1586095134) SRandInit(-1586095134).
LogTaskGraph: Started task graph with 5 named threads and 8 total threads with 1 sets of task threads.
LogStats: Stats thread started at 0.116963
LogInit: Using libcurl 7.47.1
LogInit:  - built for x86_64-pc-win32
LogInit:  - supports SSL with OpenSSL/1.0.2g
LogInit:  - supports HTTP deflate (compression) using libz 1.2.8
LogInit:  - other features:
LogInit:      CURL_VERSION_SSL
LogInit:      CURL_VERSION_LIBZ
LogInit:      CURL_VERSION_IPV6
LogInit:      CURL_VERSION_ASYNCHDNS
LogInit:      CURL_VERSION_LARGEFILE
LogInit:      CURL_VERSION_IDN
LogInit:  CurlRequestOptions (configurable via config and command line):
LogInit:  - bVerifyPeer = false  - Libcurl will NOT verify peer certificate
LogInit:  - bUseHttpProxy = false  - Libcurl will NOT use HTTP proxy
LogInit:  - bDontReuseConnections = false  - Libcurl will reuse connections
LogInit:  - CertBundlePath = nullptr  - Libcurl will use whatever was configured at build time.
LogInit: Build: ++UE4+Release-4.15-CL-3450819
LogInit: Engine Version: 4.15.3-3450819+++UE4+Release-4.15
LogInit: Compatible Engine Version: 4.15.0-3299760+++UE4+Release-4.15
LogInit: Net CL: 3299760
LogDevObjectVersion: Number of dev versions registered: 14
LogDevObjectVersion:   Dev-Blueprints (B0D832E4-1F89-4F0D-ACCF-7EB736FD4AA2): 8
LogDevObjectVersion:   Dev-Build (E1C64328-A22C-4D53-A36C-8E866417BD8C): 0
LogDevObjectVersion:   Dev-Core (375EC13C-06E4-48FB-B500-84F0262A717E): 2
LogDevObjectVersion:   Dev-Editor (E4B068ED-F494-42E9-A231-DA0B2E46BB41): 14
LogDevObjectVersion:   Dev-Framework (CFFC743F-43B0-4480-9391-14DF171D2073): 22
LogDevObjectVersion:   Dev-Mobile (B02B49B5-BB20-44E9-A304-32B752E40360): 0
LogDevObjectVersion:   Dev-Networking (A4E4105C-59A1-49B5-A7C5-40C4547EDFEE): 0
LogDevObjectVersion:   Dev-Online (39C831C9-5AE6-47DC-9A44-9C173E1C8E7C): 0
LogDevObjectVersion:   Dev-Physics (78F01B33-EBEA-4F98-B9B4-84EACCB95AA2): 0
LogDevObjectVersion:   Dev-Platform (6631380F-2D4D-43E0-8009-CF276956A95A): 0
LogDevObjectVersion:   Dev-Rendering (12F88B9F-8875-4AFC-A67C-D90C383ABD29): 12
LogDevObjectVersion:   Dev-Sequencer (7B5AE74C-D270-4C10-A958-57980B212A5A): 3
LogDevObjectVersion:   Dev-VR (D7296918-1DD6-4BDD-9DE2-64A83CC13884): 0
LogDevObjectVersion:   Dev-LoadTimes (C2A15278-BFE7-4AFE-6C17-90FF531DF755): 1
LogInit: Compiled (64-bit): May 21 2017 11:02:34
LogInit: Compiled with Visual C++: 19.00.23026.00
LogInit: Build Configuration: Development
LogInit: Branch Name: ++UE4+Release-4.15
LogInit: Command line: -EpicPortal 
LogInit: Base directory: E:/UE/UE_4.15/Engine/Binaries/Win64/
LogInit: Installed Engine Build: 1
LogInit: Presizing for max 8388607 objects, including 0 objects not considered by GC, pre-allocating 0 bytes for permanent pool.
LogInit: Object subsystem initialized
[2017.09.14-09.50.40:499][  0]LogInit: Selected Device Profile: [Windows]
[2017.09.14-09.50.40:499][  0]LogInit: Applying CVar settings loaded from the selected device profile: [Windows]
[2017.09.14-09.50.40:520][  0]LogInit: Computer: JUSOLA_WIN10
[2017.09.14-09.50.40:520][  0]LogInit: User: JuusoLaine
[2017.09.14-09.50.40:520][  0]LogInit: CPU Page size=65536, Cores=4
[2017.09.14-09.50.40:521][  0]LogInit: High frequency timer resolution =2.531253 MHz
[2017.09.14-09.50.40:521][  0]LogMemory: Memory total: Physical=15.8GB (16GB approx)
[2017.09.14-09.50.40:521][  0]LogMemory: Platform Memory Stats for Windows
[2017.09.14-09.50.40:521][  0]LogMemory: Process Physical Memory: 263.58 MB used, 263.58 MB peak
[2017.09.14-09.50.40:521][  0]LogMemory: Process Virtual Memory: 262.67 MB used, 262.67 MB peak
[2017.09.14-09.50.40:521][  0]LogMemory: Physical Memory: 7364.34 MB used,  8863.45 MB free, 16227.79 MB total
[2017.09.14-09.50.40:521][  0]LogMemory: Virtual Memory: 645.33 MB used,  8863.45 MB free, 134217728.00 MB total
[2017.09.14-09.50.40:643][  0]LogTextLocalizationManager: No translations for ('fi-FI') exist, falling back to 'en' for localization and internationalization data.
[2017.09.14-09.50.42:061][  0]LogD3D11RHI: D3D11 adapters:
[2017.09.14-09.50.42:115][  0]LogD3D11RHI:    0. 'NVIDIA GeForce GTX 960M' (Feature Level 11_0)
[2017.09.14-09.50.42:115][  0]LogD3D11RHI:       4064/0/8113 MB DedicatedVideo/DedicatedSystem/SharedSystem, Outputs:1, VendorId:0x10de
[2017.09.14-09.50.42:125][  0]LogD3D11RHI:    1. 'Intel(R) HD Graphics 530' (Feature Level 11_0)
[2017.09.14-09.50.42:125][  0]LogD3D11RHI:       128/0/8113 MB DedicatedVideo/DedicatedSystem/SharedSystem, Outputs:0, VendorId:0x8086
[2017.09.14-09.50.42:128][  0]LogD3D11RHI:    2. 'Microsoft Basic Render Driver' (Feature Level 11_0)
[2017.09.14-09.50.42:128][  0]LogD3D11RHI:       0/0/8113 MB DedicatedVideo/DedicatedSystem/SharedSystem, Outputs:0, VendorId:0x1414
[2017.09.14-09.50.42:128][  0]LogD3D11RHI: Chosen D3D11 Adapter: 0
[2017.09.14-09.50.42:140][  0]LogD3D11RHI: Creating new Direct3DDevice
[2017.09.14-09.50.42:140][  0]LogD3D11RHI:     GPU DeviceId: 0x139b (for the marketing name, search the web for "GPU Device Id")
[2017.09.14-09.50.42:140][  0]LogWindows: EnumDisplayDevices:
[2017.09.14-09.50.42:140][  0]LogWindows:    0. 'Intel(R) HD Graphics 530' (P:1 D:1)
[2017.09.14-09.50.42:141][  0]LogWindows:    1. 'Intel(R) HD Graphics 530' (P:0 D:0)
[2017.09.14-09.50.42:141][  0]LogWindows:    2. 'Intel(R) HD Graphics 530' (P:0 D:0)
[2017.09.14-09.50.42:141][  0]LogWindows: DebugString: PrimaryIsNotTheChoosenAdapter PrimaryIsNotTheChoosenAdapter PrimaryIsNotTheChoosenAdapter FoundDriverCount:0 
[2017.09.14-09.50.42:141][  0]LogD3D11RHI:     Adapter Name: NVIDIA GeForce GTX 960M
[2017.09.14-09.50.42:141][  0]LogD3D11RHI:   Driver Version: Unknown (internal:Unknown, unified:Unknown)
[2017.09.14-09.50.42:141][  0]LogD3D11RHI:      Driver Date: Unknown
[2017.09.14-09.50.42:141][  0]LogRHI: Texture pool is 1361 MB (70% of 1945 MB)
[2017.09.14-09.50.42:168][  0]LogD3D11RHI: Async texture creation enabled
[2017.09.14-09.50.42:183][  0]LogD3D11RHI: GPU Timing Frequency: 1000.000000 (Debug: 2 1)
[2017.09.14-09.50.42:185][  0]LogShaderCompilers: Guid format shader working directory is -6 characters bigger than the processId version (C:/Users/Juuso Laine/Documents/Unreal Projects/porkposh3d/Intermediate/Shaders/WorkingDirectory/12480/).
[2017.09.14-09.50.42:185][  0]LogShaderCompilers: Cleaned the shader compiler working directory 'C:/Users/Juuso Laine/AppData/Local/Temp/UnrealShaderWorkingDir/8D45FC154C689D49A18CACBC5D93AF0E/'.
[2017.09.14-09.50.42:185][  0]LogShaderCompilers:Display: Using Local Shader Compiler.
[2017.09.14-09.50.44:404][  0]LogTemp:Display: Loaded TP AllDesktopTargetPlatform
[2017.09.14-09.50.44:513][  0]LogTemp:Display: Loaded TP MacClientTargetPlatform
[2017.09.14-09.50.44:616][  0]LogTemp:Display: Loaded TP MacNoEditorTargetPlatform
[2017.09.14-09.50.44:717][  0]LogTemp:Display: Loaded TP MacServerTargetPlatform
[2017.09.14-09.50.44:814][  0]LogTemp:Display: Loaded TP MacTargetPlatform
[2017.09.14-09.50.44:941][  0]LogTemp:Display: Loaded TP WindowsClientTargetPlatform
[2017.09.14-09.50.45:056][  0]LogTemp:Display: Loaded TP WindowsNoEditorTargetPlatform
[2017.09.14-09.50.45:152][  0]LogTemp:Display: Loaded TP WindowsServerTargetPlatform
[2017.09.14-09.50.45:234][  0]LogTemp:Display: Loaded TP WindowsTargetPlatform
[2017.09.14-09.50.45:330][  0]LogTemp:Display: Loaded TP AndroidTargetPlatform
[2017.09.14-09.50.45:423][  0]LogTemp:Display: Loaded TP Android_ASTCTargetPlatform
[2017.09.14-09.50.45:519][  0]LogTemp:Display: Loaded TP Android_ATCTargetPlatform
[2017.09.14-09.50.45:620][  0]LogTemp:Display: Loaded TP Android_DXTTargetPlatform
[2017.09.14-09.50.45:717][  0]LogTemp:Display: Loaded TP Android_ETC1TargetPlatform
[2017.09.14-09.50.45:821][  0]LogTemp:Display: Loaded TP Android_ETC2TargetPlatform
[2017.09.14-09.50.46:022][  0]LogTemp:Display: Loaded TP Android_MultiTargetPlatform
[2017.09.14-09.50.46:022][  0]LogTemp:Display: Loaded TP Android_PVRTCTargetPlatform
[2017.09.14-09.50.46:090][  0]LogTemp:Display: Loaded TP HTML5TargetPlatform
[2017.09.14-09.50.46:250][  0]LogTemp:Display: Loaded TP IOSTargetPlatform
[2017.09.14-09.50.46:311][  0]LogTemp:Display: Loaded TP TVOSTargetPlatform
[2017.09.14-09.50.46:405][  0]LogTemp:Display: Loaded TP LinuxClientTargetPlatform
[2017.09.14-09.50.46:499][  0]LogTemp:Display: Loaded TP LinuxNoEditorTargetPlatform
[2017.09.14-09.50.46:591][  0]LogTemp:Display: Loaded TP LinuxServerTargetPlatform
[2017.09.14-09.50.46:684][  0]LogTemp:Display: Loaded TP LinuxTargetPlatform
[2017.09.14-09.50.46:684][  0]LogTargetPlatformManager:Display: Building Assets For Windows
[2017.09.14-09.50.47:430][  0]LogDerivedDataCache:Display: Max Cache Size: 512 MB
[2017.09.14-09.50.47:516][  0]LogDerivedDataCache: Loaded boot cache 0.09s 50MB C:/Users/Juuso Laine/AppData/Local/UnrealEngine/4.15/DerivedDataCache/Boot.ddc.
[2017.09.14-09.50.47:516][  0]LogDerivedDataCache:Display: Loaded Boot cache: C:/Users/Juuso Laine/AppData/Local/UnrealEngine/4.15/DerivedDataCache/Boot.ddc
[2017.09.14-09.50.47:516][  0]LogDerivedDataCache: FDerivedDataBackendGraph:  Pak pak cache file C:/Users/Juuso Laine/Documents/Unreal Projects/porkposh3d/DerivedDataCache/DDC.ddp not found, will not use a pak cache.
[2017.09.14-09.50.47:516][  0]LogDerivedDataCache: Unable to find inner node Pak for hierarchical cache Hierarchy.
[2017.09.14-09.50.47:516][  0]LogDerivedDataCache: FDerivedDataBackendGraph:  CompressedPak pak cache file C:/Users/Juuso Laine/Documents/Unreal Projects/porkposh3d/DerivedDataCache/Compressed.ddp not found, will not use a pak cache.
[2017.09.14-09.50.47:516][  0]LogDerivedDataCache: Unable to find inner node CompressedPak for hierarchical cache Hierarchy.
[2017.09.14-09.50.47:552][  0]LogDerivedDataCache:Display: Pak cache opened for reading ../../../Engine/DerivedDataCache/Compressed.ddp.
[2017.09.14-09.50.47:565][  0]LogDerivedDataCache: Using Local data cache path C:/Users/Juuso Laine/AppData/Local/UnrealEngine/Common/DerivedDataCache: Writable
[2017.09.14-09.50.47:586][  0]LogSlate: Using Freetype 2.6.0
[2017.09.14-09.50.47:587][  0]LogSlate: SlateFontCache - WITH_FREETYPE: 1, WITH_HARFBUZZ: 1
[2017.09.14-09.50.47:587][  0]LogSlate: SlateFontCache - WITH_FREETYPE: 1, WITH_HARFBUZZ: 1
[2017.09.14-09.50.48:173][  0]LogInit: Selected Device Profile: [Windows]
[2017.09.14-09.50.48:179][  0]LogContentStreaming: Texture pool size is 0.00 MB
[2017.09.14-09.50.48:558][  0]LogMeshUtilities: Using QuadricMeshReduction for automatic static mesh reduction
[2017.09.14-09.50.48:626][  0]LogSimplygon: Simplygon DLL not present - disabling.
[2017.09.14-09.50.48:710][  0]LogMeshUtilities: Using SimplygonSwarm for distributed automatic mesh merging
[2017.09.14-09.50.48:710][  0]LogMeshUtilities: No automatic skeletal mesh reduction module available
[2017.09.14-09.50.48:710][  0]LogMeshUtilities: No automatic mesh merging module available
[2017.09.14-09.50.49:660][  0]LogNetVersion: GetLocalNetworkVersion: CL: 3299760, ProjectName: porkposh3d, ProjectVersion: , EngineNetworkVersion: 2, GameNetworkVersion: 0, NetworkChecksum: 2526115466
[2017.09.14-09.50.49:718][  0]LogAssetRegistry: FAssetRegistry took 0.0226 seconds to start up
[2017.09.14-09.50.49:776][  0]LogPackageLocalizationCache: Processed 3 localized package path(s) for 1 prioritized culture(s) in 0.025972 seconds
[2017.09.14-09.50.49:786][  0]LogUObjectArray: 32493 objects as part of root set at end of initial load.
[2017.09.14-09.50.49:786][  0]LogUObjectAllocator: 7077032 out of 0 bytes used by permanent object pool.
[2017.09.14-09.50.49:786][  0]LogUObjectArray: CloseDisregardForGC: 0/0 objects in disregard for GC pool
[2017.09.14-09.50.49:881][  0]LogInit: WinSock: version 1.1 (2.2), MaxSocks=32767, MaxUdp=65467
[2017.09.14-09.50.52:973][  0]LogTcpMessaging: Initializing TcpMessaging bridge
[2017.09.14-09.50.53:083][  0]LogUdpMessaging: Initializing bridge on interface 0.0.0.0:0 to multicast group 230.0.0.1:6666.
[2017.09.14-09.50.53:855][  0]LogMaterial: Uniform references updated for custom material expression Custom.
[2017.09.14-09.50.54:520][  0]SourceControl: Info Source control is disabled
[2017.09.14-09.50.54:579][  0]SourceControl: Info Source control is disabled
[2017.09.14-09.50.54:666][  0]SourceControl: Info Source control is disabled
[2017.09.14-09.50.54:749][  0]SourceControl: Info Source control is disabled
[2017.09.14-09.50.56:988][  0]LogEngine: Initializing Engine...
[2017.09.14-09.50.56:989][  0]LogHMD: Failed to initialize OpenVR with code 110
[2017.09.14-09.50.57:222][  0]LogStats: UGameplayTagsManager::ConstructGameplayTagTree: Construct from data asset -  0.000 s
[2017.09.14-09.50.57:222][  0]LogStats: UGameplayTagsManager::ConstructGameplayTagTree: GameplayTagTreeChangedEvent.Broadcast -  0.000 s
[2017.09.14-09.50.57:422][  0]LogAIModule: Creating AISystem for world Untitled
[2017.09.14-09.50.57:437][  0]LogInit: XAudio2 using 'Speakers (Realtek High Definition Audio)' : 2 channels at 48 kHz using 32 bits per sample (channel mask 0x3)
[2017.09.14-09.50.57:499][  0]LogInit: FAudioDevice initialized.
[2017.09.14-09.50.57:539][  0]LogDerivedDataCache: Saved boot cache 0.04s 50MB C:/Users/Juuso Laine/AppData/Local/UnrealEngine/4.15/DerivedDataCache/Boot.ddc.
[2017.09.14-09.50.57:549][  0]LogInit: Texture streaming: Enabled
[2017.09.14-09.50.57:684][  0]LogEngineSessionManager: EngineSessionManager initialized
[2017.09.14-09.50.57:836][  0]LogInit: Transaction tracking system initialized
[2017.09.14-09.50.58:399][  0]BlueprintLog: New page: Editor Load
[2017.09.14-09.51.00:124][  0]LocalizationService: Info Localization service is disabled
[2017.09.14-09.51.01:367][  0]LogConsoleResponse:Display: 
[2017.09.14-09.51.01:709][  0]LogFileCache: Scanning file cache for directory 'C:/Users/Juuso Laine/Documents/Unreal Projects/porkposh3d/Content/' took 0.01s
[2017.09.14-09.51.01:709][  0]LogCook:Display: Max memory allowance for cook 16384mb min free memory 0mb
[2017.09.14-09.51.01:709][  0]LogCook:Display: Mobile HDR setting 1
[2017.09.14-09.51.03:699][  0]SourceControl: Info Source control is disabled
[2017.09.14-09.51.03:699][  0]Cmd: MAP LOAD FILE="../../../Engine/Content/Maps/Templates/Template_Default.umap" TEMPLATE=1 SHOWPROGRESS=1 FEATURELEVEL=3
[2017.09.14-09.51.03:700][  0]LightingResults: New page: Lighting Build
[2017.09.14-09.51.03:783][  0]MapCheck: New page: Map Check
[2017.09.14-09.51.03:784][  0]LightingResults: New page: Lighting Build
[2017.09.14-09.51.04:210][  0]LogAIModule: Creating AISystem for world Untitled_1
[2017.09.14-09.51.04:245][  0]LogActorComponent: RegisterComponentWithWorld: (/Temp/Untitled_1.Untitled_1:PersistentLevel.WorldSettings_1.StaticMeshComponent0) Trying to register component with IsPendingKill() == true. Aborting.
[2017.09.14-09.51.04:253][  0]LogEditorServer: Finished looking for orphan Actors (0.000 secs)
[2017.09.14-09.51.04:258][  0]Cmd: MAP CHECKDEP NOCLEARLOG
[2017.09.14-09.51.04:347][  0]MapCheck: Info Map check complete: 0 Error(s), 0 Warning(s), took 88.67ms to complete.
[2017.09.14-09.51.04:347][  0]LogFileHelpers: Loading map 'Template_Default' took 0.648
[2017.09.14-09.51.04:437][  0]LogWindowsTextInputMethodSystem:Display: IME system now deactivated.
[2017.09.14-09.51.10:630][  0]LogCollectionManager: Loaded 0 collections in 0.002435 seconds
[2017.09.14-09.51.12:798][  0]LogFileCache: Scanning file cache for directory 'C:/Users/Juuso Laine/Documents/Unreal Projects/porkposh3d/Saved/Collections/' took 0.01s
[2017.09.14-09.51.12:798][  0]LogFileCache: Scanning file cache for directory 'C:/Users/Juuso Laine/Documents/Unreal Projects/porkposh3d/Content/Developers/JuusoLaine/Collections/' took 0.01s
[2017.09.14-09.51.12:799][  0]LogFileCache: Scanning file cache for directory 'C:/Users/Juuso Laine/Documents/Unreal Projects/porkposh3d/Content/Collections/' took 0.01s
[2017.09.14-09.51.12:799][  0]LogCollectionManager: Rebuilt the GUID cache for 0 collections in 0.000004 seconds
[2017.09.14-09.51.13:238][  0]LogContentBrowser: Native class hierarchy populated in 0.1908 seconds. Added 2245 classes and 453 folders.
[2017.09.14-09.51.13:948][  0]LogContentBrowser: Native class hierarchy updated for 'WidgetCarousel' in 0.0013 seconds. Added 0 classes and 0 folders.
[2017.09.14-09.51.32:469][  0]LogContentBrowser: Native class hierarchy updated for 'AddContentDialog' in 0.0010 seconds. Added 0 classes and 0 folders.
[2017.09.14-09.51.33:729][  0]LogContentBrowser: Native class hierarchy updated for 'SceneOutliner' in 0.0013 seconds. Added 1 classes and 2 folders.
[2017.09.14-09.51.45:796][  0]LogCrashTracker: Crashtracker disabled due to settings.
[2017.09.14-09.51.49:349][  0]LogContentBrowser: Native class hierarchy updated for 'HierarchicalLODOutliner' in 0.0009 seconds. Added 1 classes and 2 folders.
[2017.09.14-09.51.49:349][  0]LogLoad: (Engine Initialization) Total time: 72.51 seconds
[2017.09.14-09.51.49:349][  0]LogLoad: (Engine Initialization) Total Blueprint compile time: 0.18 seconds
[2017.09.14-09.51.49:349][  0]LogExternalProfiler: Found external profiler: VSPerf
[2017.09.14-09.51.49:349][  0]LogExternalProfiler: Using external profiler: VSPerf
[2017.09.14-09.51.49:695][  0]LogOcInput: OculusInput pre-init called
[2017.09.14-09.51.50:848][  0]LogContentStreaming: Texture pool size now 1000 MB
[2017.09.14-09.51.50:851][  0]LogSlate: Took 0.000414 seconds to synchronously load lazily loaded font '../../../Engine/Content/Slate/Fonts/Roboto-Regular.ttf' (155K)
[2017.09.14-09.51.50:858][  0]LogSlate: Took 0.000358 seconds to synchronously load lazily loaded font '../../../Engine/Content/Slate/Fonts/Roboto-Bold.ttf' (160K)
[2017.09.14-09.51.51:275][  0]LogSlate: Took 0.125664 seconds to synchronously load lazily loaded font '../../../Engine/Content/Editor/Slate/Fonts/FontAwesome.ttf' (139K)
[2017.09.14-09.51.58:016][  0]LogRenderer: Reallocating scene render targets to support 1208x576 NumSamples 1 (Frame:2).
[2017.09.14-09.51.59:827][  3]LogAssetRegistry: Asset discovery search completed in 70.1318 seconds
[2017.09.14-09.51.59:827][  3]LogCollectionManager: Rebuilt the object cache for 0 collections in 0.000008 seconds (found 0 objects)
[2017.09.14-09.51.59:827][  3]LogCollectionManager: Fixed up redirectors for 0 collections in 0.000046 seconds (updated 0 objects)
